<?xml version="1.0" encoding="UTF-8"?>
<!-- Generated by org.testng.reporters.JUnitReportReporter -->
<testsuite skipped="0" hostname="NaeemSiddiq" name="com.vdif.webautomation.hajj.TestHajjPage" tests="4" failures="0" timestamp="06 Dec 2017 10:46:01 GMT" time="449.782" errors="0">
  <testcase name="testSideNavBarOnHajj2017Page" time="28.110" classname="com.vdif.webautomation.hajj.TestHajjPage"/>
  <testcase name="testTopNavBarOnHajj2017Page" time="276.030" classname="com.vdif.webautomation.hajj.TestHajjPage"/>
  <testcase name="testOtherCardOnHajj2017Page" time="8.527" classname="com.vdif.webautomation.hajj.TestHajjPage"/>
  <testcase name="testHajjLiveCardOnHajj2017Page" time="137.115" classname="com.vdif.webautomation.hajj.TestHajjPage"/>
</testsuite> <!-- com.vdif.webautomation.hajj.TestHajjPage -->
