<?xml version="1.0" encoding="UTF-8"?>
<!-- Generated by org.testng.reporters.JUnitReportReporter -->
<testsuite skipped="0" hostname="NaeemSiddiq" name="com.vdif.webautomation.qibladirection.TestQiblaDirection" tests="2" failures="0" timestamp="06 Dec 2017 09:06:29 GMT" time="45.323" errors="0">
  <testcase name="testQiblaDirectionAndQiblaCompassFromKarachi" time="33.676" classname="com.vdif.webautomation.qibladirection.TestQiblaDirection"/>
  <testcase name="testQiblaDirectionAndQiblaCompassFromLahore" time="11.647" classname="com.vdif.webautomation.qibladirection.TestQiblaDirection"/>
</testsuite> <!-- com.vdif.webautomation.qibladirection.TestQiblaDirection -->
