<?xml version="1.0" encoding="UTF-8"?>
<!-- Generated by org.testng.reporters.JUnitReportReporter -->
<testsuite skipped="0" hostname="NaeemSiddiq" name="com.vdif.webautomation.islamicgallery.TestIslamicGallery" tests="1" failures="0" timestamp="06 Dec 2017 09:06:29 GMT" time="54.912" errors="0">
  <testcase name="testIslamicGalleryPage" time="54.912" classname="com.vdif.webautomation.islamicgallery.TestIslamicGallery"/>
</testsuite> <!-- com.vdif.webautomation.islamicgallery.TestIslamicGallery -->
