<?xml version="1.0" encoding="UTF-8"?>
<!-- Generated by org.testng.reporters.JUnitReportReporter -->
<testsuite skipped="0" hostname="NaeemSiddiq" name="com.vdif.webautomation.login_prayerbook.TestLoginAndPrayerbook" tests="4" failures="0" timestamp="06 Dec 2017 10:54:18 GMT" time="171.561" errors="0">
  <testcase name="testALogin" time="69.339" classname="com.vdif.webautomation.login_prayerbook.TestLoginAndPrayerbook"/>
  <testcase name="testBPrayerBookCard" time="17.674" classname="com.vdif.webautomation.login_prayerbook.TestLoginAndPrayerbook"/>
  <testcase name="testCPrayerTimesCardOnPrayerBookPage" time="61.848" classname="com.vdif.webautomation.login_prayerbook.TestLoginAndPrayerbook"/>
  <testcase name="testDArticlesOnIqraCardOnPrayerbookPage" time="22.700" classname="com.vdif.webautomation.login_prayerbook.TestLoginAndPrayerbook"/>
</testsuite> <!-- com.vdif.webautomation.login_prayerbook.TestLoginAndPrayerbook -->
