<?xml version="1.0" encoding="UTF-8"?>
<!-- Generated by org.testng.reporters.JUnitReportReporter -->
<testsuite skipped="0" hostname="NaeemSiddiq" name="com.vdif.webautomation.inspirations_tasbeeh_widgets_athan.TestInspirationsTasbeehWidgetsAthanPages" tests="4" failures="0" timestamp="06 Dec 2017 09:06:29 GMT" time="185.376" errors="0">
  <testcase name="testInspirationsPage" time="38.463" classname="com.vdif.webautomation.inspirations_tasbeeh_widgets_athan.TestInspirationsTasbeehWidgetsAthanPages"/>
  <testcase name="testWidgetsPage" time="11.248" classname="com.vdif.webautomation.inspirations_tasbeeh_widgets_athan.TestInspirationsTasbeehWidgetsAthanPages"/>
  <testcase name="testAthanPage" time="65.868" classname="com.vdif.webautomation.inspirations_tasbeeh_widgets_athan.TestInspirationsTasbeehWidgetsAthanPages"/>
  <testcase name="testTasbeehPage" time="69.797" classname="com.vdif.webautomation.inspirations_tasbeeh_widgets_athan.TestInspirationsTasbeehWidgetsAthanPages"/>
</testsuite> <!-- com.vdif.webautomation.inspirations_tasbeeh_widgets_athan.TestInspirationsTasbeehWidgetsAthanPages -->
