<?xml version="1.0" encoding="UTF-8"?>
<!-- Generated by org.testng.reporters.JUnitReportReporter -->
<testsuite skipped="0" hostname="NaeemSiddiq" name="com.vdif.webautomation.duas.TestDuasPage" tests="2" failures="0" timestamp="06 Dec 2017 09:06:29 GMT" time="125.002" errors="0">
  <testcase name="testQuranicDuasCardOnDuasPage" time="25.467" classname="com.vdif.webautomation.duas.TestDuasPage"/>
  <testcase name="testQuranicDuasListOnDuasPage" time="99.535" classname="com.vdif.webautomation.duas.TestDuasPage"/>
</testsuite> <!-- com.vdif.webautomation.duas.TestDuasPage -->
