<?xml version="1.0" encoding="UTF-8"?>
<!-- Generated by org.testng.reporters.JUnitReportReporter -->
<testsuite skipped="0" hostname="NaeemSiddiq" name="com.vdif.webautomation.signup.TestSignUp" tests="1" failures="0" timestamp="06 Dec 2017 09:06:29 GMT" time="20.206" errors="0">
  <testcase name="testSigUpForm" time="20.206" classname="com.vdif.webautomation.signup.TestSignUp"/>
</testsuite> <!-- com.vdif.webautomation.signup.TestSignUp -->
