<?xml version="1.0" encoding="UTF-8"?>
<!-- Generated by org.testng.reporters.JUnitReportReporter -->
<testsuite skipped="0" hostname="NaeemSiddiq" name="sendReport.SendReports" tests="1" failures="0" timestamp="06 Dec 2017 09:06:29 GMT" time="12.879" errors="0">
  <testcase name="sendReportThroughMail" time="12.879" classname="sendReport.SendReports"/>
</testsuite> <!-- sendReport.SendReports -->
