<?xml version="1.0" encoding="UTF-8"?>
<!-- Generated by org.testng.reporters.JUnitReportReporter -->
<testsuite skipped="0" hostname="NaeemSiddiq" name="com.vdif.webautomation.prayertimes.TestTop3CitiesHijriPrayerTimes" tests="3" failures="0" timestamp="06 Dec 2017 09:06:29 GMT" time="180.159" errors="0">
  <testcase name="testHijriPrayerTimesInSydney" time="53.523" classname="com.vdif.webautomation.prayertimes.TestTop3CitiesHijriPrayerTimes"/>
  <testcase name="testHijriPrayerTimesInNewYork" time="76.991" classname="com.vdif.webautomation.prayertimes.TestTop3CitiesHijriPrayerTimes"/>
  <testcase name="testHijriPrayerTimesInRiyadh" time="49.645" classname="com.vdif.webautomation.prayertimes.TestTop3CitiesHijriPrayerTimes"/>
</testsuite> <!-- com.vdif.webautomation.prayertimes.TestTop3CitiesHijriPrayerTimes -->
