<?xml version="1.0" encoding="UTF-8"?>
<!-- Generated by org.testng.reporters.JUnitReportReporter -->
<testsuite skipped="0" hostname="NaeemSiddiq" name="com.vdif.webautomation.zakatcalculator.TestZakatCalculatorPage" tests="3" failures="0" timestamp="06 Dec 2017 09:06:29 GMT" time="56.065" errors="0">
  <testcase name="testZakatCalculatorForZakatApplicable" time="29.608" classname="com.vdif.webautomation.zakatcalculator.TestZakatCalculatorPage"/>
  <testcase name="testZakatCalculatorForZakatNotApplicableCase1" time="14.347" classname="com.vdif.webautomation.zakatcalculator.TestZakatCalculatorPage"/>
  <testcase name="testZakatCalculatorForZakatNotApplicableCase2" time="12.110" classname="com.vdif.webautomation.zakatcalculator.TestZakatCalculatorPage"/>
</testsuite> <!-- com.vdif.webautomation.zakatcalculator.TestZakatCalculatorPage -->
