<?xml version="1.0" encoding="UTF-8"?>
<!-- Generated by org.testng.reporters.JUnitReportReporter -->
<testsuite skipped="1" hostname="NaeemSiddiq" name="com.vdif.webautomation.worldpage.TestWorldPage" tests="4" failures="0" timestamp="06 Dec 2017 09:06:29 GMT" time="189.845" errors="0">
  <testcase name="testUnitedStatesOnWorldPage" time="71.739" classname="com.vdif.webautomation.worldpage.TestWorldPage"/>
  <testcase name="testUnitedStatesOnWorldPage" time="20.499" classname="com.vdif.webautomation.worldpage.TestWorldPage">
    <skipped/>
  </testcase> <!-- testUnitedStatesOnWorldPage -->
  <testcase name="testSaudiArabiaOnWorldPage" time="39.359" classname="com.vdif.webautomation.worldpage.TestWorldPage"/>
  <testcase name="testCountriesNamesOnWorldPage" time="58.248" classname="com.vdif.webautomation.worldpage.TestWorldPage"/>
</testsuite> <!-- com.vdif.webautomation.worldpage.TestWorldPage -->
