<?xml version="1.0" encoding="UTF-8"?>
<!-- Generated by org.testng.reporters.JUnitReportReporter -->
<testsuite skipped="0" hostname="NaeemSiddiq" name="com.vdif.webautomation.prayertimes.TestTop10CitiesGregorianMonthlyPrayerTimes" tests="10" failures="0" timestamp="06 Dec 2017 09:06:29 GMT" time="568.730" errors="0">
  <testcase name="testPrayerTimesInRiyadh" time="48.129" classname="com.vdif.webautomation.prayertimes.TestTop10CitiesGregorianMonthlyPrayerTimes"/>
  <testcase name="testPrayerTimesInMelbourne" time="41.800" classname="com.vdif.webautomation.prayertimes.TestTop10CitiesGregorianMonthlyPrayerTimes"/>
  <testcase name="testPrayerTimesInKualaLumpur" time="47.006" classname="com.vdif.webautomation.prayertimes.TestTop10CitiesGregorianMonthlyPrayerTimes"/>
  <testcase name="testPrayerTimesInNewYork" time="51.500" classname="com.vdif.webautomation.prayertimes.TestTop10CitiesGregorianMonthlyPrayerTimes"/>
  <testcase name="testPrayerTimesInLondon" time="91.248" classname="com.vdif.webautomation.prayertimes.TestTop10CitiesGregorianMonthlyPrayerTimes"/>
  <testcase name="testPrayerTimesInParis" time="44.038" classname="com.vdif.webautomation.prayertimes.TestTop10CitiesGregorianMonthlyPrayerTimes"/>
  <testcase name="testPrayerTimesInDoha" time="92.570" classname="com.vdif.webautomation.prayertimes.TestTop10CitiesGregorianMonthlyPrayerTimes"/>
  <testcase name="testPrayerTimesInSydney" time="43.449" classname="com.vdif.webautomation.prayertimes.TestTop10CitiesGregorianMonthlyPrayerTimes"/>
  <testcase name="testPrayerTimesInToronto" time="48.870" classname="com.vdif.webautomation.prayertimes.TestTop10CitiesGregorianMonthlyPrayerTimes"/>
  <testcase name="testPrayerTimesInJeddah" time="60.120" classname="com.vdif.webautomation.prayertimes.TestTop10CitiesGregorianMonthlyPrayerTimes"/>
</testsuite> <!-- com.vdif.webautomation.prayertimes.TestTop10CitiesGregorianMonthlyPrayerTimes -->
