<?xml version="1.0" encoding="UTF-8"?>
<!-- Generated by org.testng.reporters.JUnitReportReporter -->
<testsuite skipped="5" hostname="NaeemSiddiq" name="com.vdif.webautomation.iqra.TestIqraTheBlogPage" tests="12" failures="0" timestamp="06 Dec 2017 09:06:29 GMT" time="1770.994" errors="0">
  <testcase name="testSearchFieldOnIqraTheBlogPage" time="199.081" classname="com.vdif.webautomation.iqra.TestIqraTheBlogPage"/>
  <testcase name="testMoreCurrentAffairsTabOnIqraTheBlogPage" time="50.624" classname="com.vdif.webautomation.iqra.TestIqraTheBlogPage">
    <skipped/>
  </testcase> <!-- testMoreCurrentAffairsTabOnIqraTheBlogPage -->
  <testcase name="testLifestyleTabOnIqraTheBlogPage" time="164.093" classname="com.vdif.webautomation.iqra.TestIqraTheBlogPage"/>
  <testcase name="testSpiritualityTabOnIqraTheBlogPage" time="51.423" classname="com.vdif.webautomation.iqra.TestIqraTheBlogPage">
    <skipped/>
  </testcase> <!-- testSpiritualityTabOnIqraTheBlogPage -->
  <testcase name="testSpiritualityTabOnIqraTheBlogPage" time="227.169" classname="com.vdif.webautomation.iqra.TestIqraTheBlogPage"/>
  <testcase name="testLifestyleTabOnIqraTheBlogPage" time="84.997" classname="com.vdif.webautomation.iqra.TestIqraTheBlogPage">
    <skipped/>
  </testcase> <!-- testLifestyleTabOnIqraTheBlogPage -->
  <testcase name="testUpdatesAndFeaturesTabOnIqraTheBlogPage" time="208.796" classname="com.vdif.webautomation.iqra.TestIqraTheBlogPage">
    <skipped/>
  </testcase> <!-- testUpdatesAndFeaturesTabOnIqraTheBlogPage -->
  <testcase name="testHalalComicsTabOnIqraTheBlogPage" time="310.886" classname="com.vdif.webautomation.iqra.TestIqraTheBlogPage"/>
  <testcase name="testKnowledgeTabOnIqraTheBlogPage" time="253.592" classname="com.vdif.webautomation.iqra.TestIqraTheBlogPage"/>
  <testcase name="testMoreCurrentAffairsTabOnIqraTheBlogPage" time="104.370" classname="com.vdif.webautomation.iqra.TestIqraTheBlogPage"/>
  <testcase name="testUpdatesAndFeaturesTabOnIqraTheBlogPage" time="108.407" classname="com.vdif.webautomation.iqra.TestIqraTheBlogPage"/>
  <testcase name="testLifestyleTabOnIqraTheBlogPage" time="7.556" classname="com.vdif.webautomation.iqra.TestIqraTheBlogPage">
    <skipped/>
  </testcase> <!-- testLifestyleTabOnIqraTheBlogPage -->
</testsuite> <!-- com.vdif.webautomation.iqra.TestIqraTheBlogPage -->
