<?xml version="1.0" encoding="UTF-8"?>
<!-- Generated by org.testng.reporters.JUnitReportReporter -->
<testsuite skipped="0" hostname="NaeemSiddiq" name="com.vdif.webautomation.ramadan2017.TestRamadan2017" tests="1" failures="0" timestamp="06 Dec 2017 11:48:10 GMT" time="527.558" errors="0">
  <testcase name="testOtherCardsOnRamadanPage" time="527.558" classname="com.vdif.webautomation.ramadan2017.TestRamadan2017"/>
</testsuite> <!-- com.vdif.webautomation.ramadan2017.TestRamadan2017 -->
