<?xml version="1.0" encoding="UTF-8"?>
<!-- Generated by org.testng.reporters.JUnitReportReporter -->
<testsuite skipped="1" hostname="NaeemSiddiq" name="com.vdif.webautomation.islamiccalendar.TestIslamicCalendarPage" tests="8" failures="0" timestamp="06 Dec 2017 09:06:29 GMT" time="529.753" errors="0">
  <testcase name="testIslamicCalendarOnNovember2017" time="28.181" classname="com.vdif.webautomation.islamiccalendar.TestIslamicCalendarPage"/>
  <testcase name="testIslamicCalendarOnAugust1992" time="25.609" classname="com.vdif.webautomation.islamiccalendar.TestIslamicCalendarPage">
    <skipped/>
  </testcase> <!-- testIslamicCalendarOnAugust1992 -->
  <testcase name="testIslamicCalendarOnAugust1992" time="20.315" classname="com.vdif.webautomation.islamiccalendar.TestIslamicCalendarPage"/>
  <testcase name="testArticlesOnIqraCardOnIslamicCalendarPage" time="202.291" classname="com.vdif.webautomation.islamiccalendar.TestIslamicCalendarPage"/>
  <testcase name="testSpecialIslamicDaysCard" time="148.172" classname="com.vdif.webautomation.islamiccalendar.TestIslamicCalendarPage"/>
  <testcase name="testViewPrayerTimeAndViewDateConverterCard" time="47.110" classname="com.vdif.webautomation.islamiccalendar.TestIslamicCalendarPage"/>
  <testcase name="testUpcomingEventsCardOnIslamicCalendarPage" time="30.301" classname="com.vdif.webautomation.islamiccalendar.TestIslamicCalendarPage"/>
  <testcase name="testKnowYourHijriDatesCardOnIslamicCalendarPage" time="27.774" classname="com.vdif.webautomation.islamiccalendar.TestIslamicCalendarPage"/>
</testsuite> <!-- com.vdif.webautomation.islamiccalendar.TestIslamicCalendarPage -->
