<?xml version="1.0" encoding="UTF-8"?>
<!-- Generated by org.testng.reporters.JUnitReportReporter -->
<testsuite skipped="0" hostname="NaeemSiddiq" name="com.vdif.webautomation.talktous.TestTalkToUsPage" tests="3" failures="0" timestamp="06 Dec 2017 09:06:29 GMT" time="56.270" errors="0">
  <testcase name="testAdvertiseWithUs" time="17.004" classname="com.vdif.webautomation.talktous.TestTalkToUsPage"/>
  <testcase name="testAboutIslamicFinder" time="32.640" classname="com.vdif.webautomation.talktous.TestTalkToUsPage"/>
  <testcase name="testTalkToUsPage" time="6.626" classname="com.vdif.webautomation.talktous.TestTalkToUsPage"/>
</testsuite> <!-- com.vdif.webautomation.talktous.TestTalkToUsPage -->
