<?xml version="1.0" encoding="UTF-8"?>
<!-- Generated by org.testng.reporters.JUnitReportReporter -->
<testsuite skipped="1" hostname="NaeemSiddiq" name="com.vdif.webautomation.specialislamicdays.TestSpecialIslamicDays" tests="3" failures="0" timestamp="06 Dec 2017 12:06:03 GMT" time="182.799" errors="0">
  <testcase name="testSpecialIslamicDaysCardOnSpecialIslamicDays" time="135.514" classname="com.vdif.webautomation.specialislamicdays.TestSpecialIslamicDays"/>
  <testcase name="testUpcomingEventsCardOnSpecialIslamicDaysPage" time="47.285" classname="com.vdif.webautomation.specialislamicdays.TestSpecialIslamicDays"/>
  <testcase name="testAllIslamicEventsCardOnSpecialIslamicDays" classname="com.vdif.webautomation.specialislamicdays.TestSpecialIslamicDays">
    <skipped/>
  </testcase> <!-- testAllIslamicEventsCardOnSpecialIslamicDays -->
</testsuite> <!-- com.vdif.webautomation.specialislamicdays.TestSpecialIslamicDays -->
